e:\vscodes\25_complile\25_complile\x64\debug\vc143.pdb
e:\vscodes\25_complile\25_complile\x64\debug\vc143.idb
e:\vscodes\25_complile\25_complile\x64\debug\vis.obj
e:\vscodes\25_complile\25_complile\x64\debug\target.obj
e:\vscodes\25_complile\25_complile\x64\debug\syntaxanalysis.obj
e:\vscodes\25_complile\25_complile\x64\debug\semanticanalysis.obj
e:\vscodes\25_complile\25_complile\x64\debug\printsynctree.obj
e:\vscodes\25_complile\25_complile\x64\debug\midcode.obj
e:\vscodes\25_complile\25_complile\x64\debug\main.obj
e:\vscodes\25_complile\25_complile\x64\debug\ll1.obj
e:\vscodes\25_complile\25_complile\x64\debug\lexicalanalysis.obj
e:\vscodes\25_complile\25_complile\x64\debug\error_handler.obj
e:\vscodes\25_complile\25_complile\x64\debug\betterloop.obj
e:\vscodes\25_complile\25_complile\x64\debug\betterconst.obj
e:\vscodes\25_complile\25_complile\x64\debug\25_complile.ilk
e:\vscodes\25_complile\x64\debug\25_complile.pdb
e:\vscodes\25_complile\25_complile\x64\debug\25_complile.tlog\cl.command.1.tlog
e:\vscodes\25_complile\25_complile\x64\debug\25_complile.tlog\cl.items.tlog
e:\vscodes\25_complile\25_complile\x64\debug\25_complile.tlog\cl.read.1.tlog
e:\vscodes\25_complile\25_complile\x64\debug\25_complile.tlog\cl.write.1.tlog
e:\vscodes\25_complile\25_complile\x64\debug\25_complile.tlog\link.2432-cvtres.read.1.tlog
e:\vscodes\25_complile\25_complile\x64\debug\25_complile.tlog\link.2432-cvtres.write.1.tlog
e:\vscodes\25_complile\25_complile\x64\debug\25_complile.tlog\link.2432-rc.read.1.tlog
e:\vscodes\25_complile\25_complile\x64\debug\25_complile.tlog\link.2432-rc.write.1.tlog
e:\vscodes\25_complile\25_complile\x64\debug\25_complile.tlog\link.2432.read.1.tlog
e:\vscodes\25_complile\25_complile\x64\debug\25_complile.tlog\link.2432.read.2.tlog
e:\vscodes\25_complile\25_complile\x64\debug\25_complile.tlog\link.2432.write.1.tlog
e:\vscodes\25_complile\25_complile\x64\debug\25_complile.tlog\link.command.1.tlog
e:\vscodes\25_complile\25_complile\x64\debug\25_complile.tlog\link.read.1.tlog
e:\vscodes\25_complile\25_complile\x64\debug\25_complile.tlog\link.secondary.1.tlog
e:\vscodes\25_complile\25_complile\x64\debug\25_complile.tlog\link.write.1.tlog
